<html xmlns:math="http://exslt.org/math" xmlns:testng="http://testng.org">
   <head>
      <title>TestNG Results</title>
      <meta http-equiv="content-type" content="text/html; charset=utf-8"></meta>
      <meta http-equiv="pragma" content="no-cache"></meta>
      <meta http-equiv="cache-control" content="max-age=0"></meta>
      <meta http-equiv="cache-control" content="no-cache"></meta>
      <meta http-equiv="cache-control" content="no-store"></meta>
      <LINK rel="stylesheet" href="style.css"></LINK>
      <script type="text/javascript" src="main.js"></script>
   </head>
   <body>
      <table width="100%" style="font-size: 16px; margin-bottom: 10px;" cellspacing="1">
         <tr>
            <td width="100%">
               Test case
               
               <b>Reg 1</b>
            </td>
            <td style="background-color: #FFBBBB; padding: 3px 3px 3px 0;" align="center">
               <div style="width: 50px;">1</div>
            </td>
            <td style="background-color: lightgreen; padding: 3px 3px 3px 0;" align="center">
               <div style="width: 50px;">0</div>
            </td>
            <td style="background-color: #FFFFBB; padding: 3px 3px 3px 0;" align="center">
               <div style="width: 50px;">0</div>
            </td>
            <td align="center" style="background-color: #eaf0f7; padding: 3px 3px 3px 0;">
               <div style="width: 50px;">1</div>
            </td>
            <td align="center"
                style="font-weight: bold; background-color: #eaf0f7; padding: 3px 3px 3px 0;">
               <div style="width: 50px;">0%</div>
            </td>
            <td style="background-color: #eaf0f7; padding: 3px 3px 3px 0;" align="center"
                nowrap="true">33 ms
               
            </td>
         </tr>
      </table>
      <div style="width: 200px;">
         <label for="groupMethodsCheckBox" style="font-weight: bold; margin: 0;">
            <input id="groupMethodsCheckBox" type="checkbox" onclick="switchTestMethodsView(this)"></input>
            Group by class
            
         </label>
         <br></br>
         <label for="methodsFilter_ALL" style="font-weight: bold; margin: 0;">
            <input id="methodsFilter_ALL" type="checkbox"
                   onclick="testMethodsFilterChanged(this, 'ALL')"></input>
            All
            
         </label>
      </div>
      <label for="methodsFilter_FAIL" style="margin-left: 20px;">
         <input id="methodsFilter_FAIL" type="checkbox"
                onclick="testMethodsFilterChanged(this, 'FAIL')"
                checked=""></input>
         Failed
         
      </label>
      <label for="methodsFilter_PASS">
         <input id="methodsFilter_PASS" type="checkbox"
                onclick="testMethodsFilterChanged(this, 'PASS')"
                checked=""></input>
         Passed
         
      </label>
      <label for="methodsFilter_SKIP">
         <input id="methodsFilter_SKIP" type="checkbox"
                onclick="testMethodsFilterChanged(this, 'SKIP')"
                checked=""></input>
         Skipped
         
      </label>
      <label for="methodsFilter_CONF">
         <input id="methodsFilter_CONF" type="checkbox"
                onclick="testMethodsFilterChanged(this, 'CONF')"></input>
         Config
         
      </label>
      <br></br>
      <div id="testMethodsByStatus">
         <table class="testMethodsTable" cellpadding="0" cellspacing="0">
            <tr class="methodsTableHeader">
               <td width="100%">Name</td>
               <td nowrap="true">Started</td>
               <td nowrap="true">Duration</td>
               <td>Exception</td>
            </tr>
            <tr id="RegTest_doRegisterTest_byStatus_failed_FAIL1_row"
                class="testMethodStatusFAIL">
               <td width="100%" class="firstMethodCell">
                  <a onclick="toggleDetailsVisibility('RegTest_doRegisterTest_byStatus_failed_FAIL1_details')">doRegisterTest()</a>
               </td>
               <td nowrap="true">21:24:56</td>
               <td nowrap="true" align="right">4 ms
                  
               </td>
               <td nowrap="true">
                  <a onclick="toggleDetailsVisibility('RegTest_doRegisterTest_byStatus_failed_FAIL1_exception')">java.lang.AssertionError: 
                     The following asserts failed:
                     expected [xxx] but found [xxx1],
                     expected [B] but found [A]
                     
                  </a>
                   
                  
               </td>
            </tr>
            <tr>
               <td colspan="4" class="detailsBox">
                  <div id="RegTest_doRegisterTest_byStatus_failed_FAIL1_details"
                       class="testMethodDetails">
                     <div>
                        <b>Name: </b>doRegisterTest
                     </div>
                     <div>
                        <b>Signature: </b>doRegisterTest()[pri:0, instance:RegTest@71b1176b]
                     </div>
                     <div>
                        <b>Start time: </b>21:24:56
                     </div>
                     <div>
                        <b>End time: </b>21:24:56
                     </div>
                     <div>
                        <b>Duration: </b>4 ms
                        
                     </div>
                  </div>
               </td>
            </tr>
            <tr>
               <td colspan="4" class="detailsBox">
                  <div id="RegTest_doRegisterTest_byStatus_failed_FAIL1_exception"
                       class="testMethodDetails">
                     <pre style="padding: 5px; margin: 0;">java.lang.AssertionError: The following asserts failed:
                        expected [xxx] but found [xxx1],
                        expected [B] but found [A]
                        at org.testng.asserts.SoftAssert.assertAll(SoftAssert.java:43)
                        at RegTest.doRegisterTest(RegTest.java:20)
                        at sun.reflect.NativeMethodAccessorImpl.invoke0(Native Method)
                        at sun.reflect.NativeMethodAccessorImpl.invoke(NativeMethodAccessorImpl.java:62)
                        at sun.reflect.DelegatingMethodAccessorImpl.invoke(DelegatingMethodAccessorImpl.java:43)
                        at java.lang.reflect.Method.invoke(Method.java:498)
                        at org.testng.internal.MethodInvocationHelper.invokeMethod(MethodInvocationHelper.java:124)
                        at org.testng.internal.Invoker.invokeMethod(Invoker.java:580)
                        at org.testng.internal.Invoker.invokeTestMethod(Invoker.java:716)
                        at org.testng.internal.Invoker.invokeTestMethods(Invoker.java:988)
                        at org.testng.internal.TestMethodWorker.invokeTestMethods(TestMethodWorker.java:125)
                        at org.testng.internal.TestMethodWorker.run(TestMethodWorker.java:109)
                        at org.testng.TestRunner.privateRun(TestRunner.java:648)
                        at org.testng.TestRunner.run(TestRunner.java:505)
                        at org.testng.SuiteRunner.runTest(SuiteRunner.java:455)
                        at org.testng.SuiteRunner.access$000(SuiteRunner.java:40)
                        at org.testng.SuiteRunner$SuiteWorker.run(SuiteRunner.java:489)
                        at org.testng.internal.thread.ThreadUtil$1.call(ThreadUtil.java:52)
                        at java.util.concurrent.FutureTask.run(FutureTask.java:266)
                        at java.util.concurrent.ThreadPoolExecutor.runWorker(ThreadPoolExecutor.java:1142)
                        at java.util.concurrent.ThreadPoolExecutor$Worker.run(ThreadPoolExecutor.java:617)
                        at java.lang.Thread.run(Thread.java:748)
                     </pre>
                  </div>
               </td>
            </tr>
            <tr id="AppliTest_Beforesuite_byStatus_passed_PASS1_row"
                class="testMethodStatusPASS testMethodStatusCONF">
               <td width="100%" class="firstMethodCell">
                  <a onclick="toggleDetailsVisibility('AppliTest_Beforesuite_byStatus_passed_PASS1_details')">Beforesuite()</a>
               </td>
               <td nowrap="true">21:24:56</td>
               <td nowrap="true" align="right">17 ms
                  
               </td>
               <td nowrap="true">
                   
                  
               </td>
            </tr>
            <tr>
               <td colspan="4" class="detailsBox">
                  <div id="AppliTest_Beforesuite_byStatus_passed_PASS1_details"
                       class="testMethodDetails">
                     <div>
                        <b>Name: </b>Beforesuite
                     </div>
                     <div>
                        <b>Signature: </b>Beforesuite()[pri:0, instance:AppliTest@45018215]
                     </div>
                     <div>
                        <b>Start time: </b>21:24:56
                     </div>
                     <div>
                        <b>End time: </b>21:24:56
                     </div>
                     <div>
                        <b>Duration: </b>17 ms
                        
                     </div>
                  </div>
               </td>
            </tr>
            <tr></tr>
            <tr id="AppliTest_aftersuite_byStatus_passed_PASS2_row"
                class="testMethodStatusPASS testMethodStatusCONF">
               <td width="100%" class="firstMethodCell">
                  <a onclick="toggleDetailsVisibility('AppliTest_aftersuite_byStatus_passed_PASS2_details')">aftersuite()</a>
               </td>
               <td nowrap="true">21:24:56</td>
               <td nowrap="true" align="right">0 ms
                  
               </td>
               <td nowrap="true">
                   
                  
               </td>
            </tr>
            <tr>
               <td colspan="4" class="detailsBox">
                  <div id="AppliTest_aftersuite_byStatus_passed_PASS2_details"
                       class="testMethodDetails">
                     <div>
                        <b>Name: </b>aftersuite
                     </div>
                     <div>
                        <b>Signature: </b>aftersuite()[pri:0, instance:AppliTest@45018215]
                     </div>
                     <div>
                        <b>Start time: </b>21:24:56
                     </div>
                     <div>
                        <b>End time: </b>21:24:56
                     </div>
                     <div>
                        <b>Duration: </b>0 ms
                        
                     </div>
                  </div>
               </td>
            </tr>
            <tr></tr>
         </table>
      </div>
      <div id="testMethodsByClass" style="display: none;">
         <table class="testMethodsTable" cellpadding="0" cellspacing="0">
            <tr>
               <td colspan="4">
                  <h3 style="display: inline;">AppliTest</h3>
               </td>
            </tr>
            <tr class="methodsTableHeader">
               <td width="100%">Name</td>
               <td nowrap="true">Started</td>
               <td nowrap="true">Duration</td>
               <td>Exception</td>
            </tr>
            <tr id="AppliTest_Beforesuite_byClass_PASS1_row"
                class="testMethodStatusPASS testMethodStatusCONF">
               <td width="100%" class="firstMethodCell">
                  <a onclick="toggleDetailsVisibility('AppliTest_Beforesuite_byClass_PASS1_details')">Beforesuite()</a>
               </td>
               <td nowrap="true">21:24:56</td>
               <td nowrap="true" align="right">17 ms
                  
               </td>
               <td nowrap="true">
                   
                  
               </td>
            </tr>
            <tr>
               <td colspan="4" class="detailsBox">
                  <div id="AppliTest_Beforesuite_byClass_PASS1_details" class="testMethodDetails">
                     <div>
                        <b>Name: </b>Beforesuite
                     </div>
                     <div>
                        <b>Signature: </b>Beforesuite()[pri:0, instance:AppliTest@45018215]
                     </div>
                     <div>
                        <b>Start time: </b>21:24:56
                     </div>
                     <div>
                        <b>End time: </b>21:24:56
                     </div>
                     <div>
                        <b>Duration: </b>17 ms
                        
                     </div>
                  </div>
               </td>
            </tr>
            <tr></tr>
            <tr id="AppliTest_aftersuite_byClass_PASS2_row"
                class="testMethodStatusPASS testMethodStatusCONF">
               <td width="100%" class="firstMethodCell">
                  <a onclick="toggleDetailsVisibility('AppliTest_aftersuite_byClass_PASS2_details')">aftersuite()</a>
               </td>
               <td nowrap="true">21:24:56</td>
               <td nowrap="true" align="right">0 ms
                  
               </td>
               <td nowrap="true">
                   
                  
               </td>
            </tr>
            <tr>
               <td colspan="4" class="detailsBox">
                  <div id="AppliTest_aftersuite_byClass_PASS2_details" class="testMethodDetails">
                     <div>
                        <b>Name: </b>aftersuite
                     </div>
                     <div>
                        <b>Signature: </b>aftersuite()[pri:0, instance:AppliTest@45018215]
                     </div>
                     <div>
                        <b>Start time: </b>21:24:56
                     </div>
                     <div>
                        <b>End time: </b>21:24:56
                     </div>
                     <div>
                        <b>Duration: </b>0 ms
                        
                     </div>
                  </div>
               </td>
            </tr>
            <tr></tr>
         </table>
         <br></br>
         <table class="testMethodsTable" cellpadding="0" cellspacing="0">
            <tr>
               <td colspan="4">
                  <h3 style="display: inline;">RegTest</h3>
               </td>
            </tr>
            <tr class="methodsTableHeader">
               <td width="100%">Name</td>
               <td nowrap="true">Started</td>
               <td nowrap="true">Duration</td>
               <td>Exception</td>
            </tr>
            <tr id="RegTest_doRegisterTest_byClass_FAIL1_row" class="testMethodStatusFAIL">
               <td width="100%" class="firstMethodCell">
                  <a onclick="toggleDetailsVisibility('RegTest_doRegisterTest_byClass_FAIL1_details')">doRegisterTest()</a>
               </td>
               <td nowrap="true">21:24:56</td>
               <td nowrap="true" align="right">4 ms
                  
               </td>
               <td nowrap="true">
                  <a onclick="toggleDetailsVisibility('RegTest_doRegisterTest_byClass_FAIL1_exception')">java.lang.AssertionError: 
                     The following asserts failed:
                     expected [xxx] but found [xxx1],
                     expected [B] but found [A]
                     
                  </a>
                   
                  
               </td>
            </tr>
            <tr>
               <td colspan="4" class="detailsBox">
                  <div id="RegTest_doRegisterTest_byClass_FAIL1_details" class="testMethodDetails">
                     <div>
                        <b>Name: </b>doRegisterTest
                     </div>
                     <div>
                        <b>Signature: </b>doRegisterTest()[pri:0, instance:RegTest@71b1176b]
                     </div>
                     <div>
                        <b>Start time: </b>21:24:56
                     </div>
                     <div>
                        <b>End time: </b>21:24:56
                     </div>
                     <div>
                        <b>Duration: </b>4 ms
                        
                     </div>
                  </div>
               </td>
            </tr>
            <tr>
               <td colspan="4" class="detailsBox">
                  <div id="RegTest_doRegisterTest_byClass_FAIL1_exception" class="testMethodDetails">
                     <pre style="padding: 5px; margin: 0;">java.lang.AssertionError: The following asserts failed:
                        expected [xxx] but found [xxx1],
                        expected [B] but found [A]
                        at org.testng.asserts.SoftAssert.assertAll(SoftAssert.java:43)
                        at RegTest.doRegisterTest(RegTest.java:20)
                        at sun.reflect.NativeMethodAccessorImpl.invoke0(Native Method)
                        at sun.reflect.NativeMethodAccessorImpl.invoke(NativeMethodAccessorImpl.java:62)
                        at sun.reflect.DelegatingMethodAccessorImpl.invoke(DelegatingMethodAccessorImpl.java:43)
                        at java.lang.reflect.Method.invoke(Method.java:498)
                        at org.testng.internal.MethodInvocationHelper.invokeMethod(MethodInvocationHelper.java:124)
                        at org.testng.internal.Invoker.invokeMethod(Invoker.java:580)
                        at org.testng.internal.Invoker.invokeTestMethod(Invoker.java:716)
                        at org.testng.internal.Invoker.invokeTestMethods(Invoker.java:988)
                        at org.testng.internal.TestMethodWorker.invokeTestMethods(TestMethodWorker.java:125)
                        at org.testng.internal.TestMethodWorker.run(TestMethodWorker.java:109)
                        at org.testng.TestRunner.privateRun(TestRunner.java:648)
                        at org.testng.TestRunner.run(TestRunner.java:505)
                        at org.testng.SuiteRunner.runTest(SuiteRunner.java:455)
                        at org.testng.SuiteRunner.access$000(SuiteRunner.java:40)
                        at org.testng.SuiteRunner$SuiteWorker.run(SuiteRunner.java:489)
                        at org.testng.internal.thread.ThreadUtil$1.call(ThreadUtil.java:52)
                        at java.util.concurrent.FutureTask.run(FutureTask.java:266)
                        at java.util.concurrent.ThreadPoolExecutor.runWorker(ThreadPoolExecutor.java:1142)
                        at java.util.concurrent.ThreadPoolExecutor$Worker.run(ThreadPoolExecutor.java:617)
                        at java.lang.Thread.run(Thread.java:748)
                     </pre>
                  </div>
               </td>
            </tr>
         </table>
         <br></br>
      </div>
      <div style="margin-top: 15px; color: gray; text-align: center; font-size: 9px;">
         Generated with
         
         <a href="http://code.google.com/p/testng-xslt/" style="color: #8888aa;"
            target="_blank">
            TestNG XSLT
            
         </a>
      </div>
   </body>
</html>