<?xml version="1.0" encoding="UTF-8"?>
<!-- Generated by org.testng.reporters.JUnitXMLReporter -->
<testsuite hostname="Gublu" ignored="0" tests="1" failures="1" timestamp="02 Apr 2018 21:52:14 GMT" time="0.036" errors="0">
  <testcase name="doRegisterTest" time="0.005" classname="RegTest">
    <failure type="java.lang.AssertionError" message="The following asserts failed:
	expected [xxx] but found [xxx1],
	expected [B] but found [A]">
      <![CDATA[java.lang.AssertionError: The following asserts failed:
expected [xxx] but found [xxx1],
expected [B] but found [A]
at RegTest.doRegisterTest(RegTest.java:20)
at java.util.concurrent.FutureTask.run(FutureTask.java:266)
at java.util.concurrent.ThreadPoolExecutor.runWorker(ThreadPoolExecutor.java:1142)
at java.util.concurrent.ThreadPoolExecutor$Worker.run(ThreadPoolExecutor.java:617)
at java.lang.Thread.run(Thread.java:748)
... Removed 17 stack frames]]>
    </failure>
  </testcase> <!-- doRegisterTest -->
</testsuite>
