<?xml version="1.0" encoding="UTF-8"?>
<!-- Generated by org.testng.reporters.JUnitReportReporter -->
<testsuite skipped="1" hostname="Gublu" name="AppliTest" tests="4" failures="1" timestamp="02 Apr 2018 21:52:15 GMT" time="0.008" errors="0">
  <testcase name="LoginTest" time="0.006" classname="AppliTest">
    <failure type="java.lang.AssertionError" message="The following asserts failed:
	expected [B] but found [A]">
      <![CDATA[java.lang.AssertionError: The following asserts failed:
expected [B] but found [A]
at org.testng.asserts.SoftAssert.assertAll(SoftAssert.java:43)
at AppliTest.LoginTest(AppliTest.java:52)
at sun.reflect.NativeMethodAccessorImpl.invoke0(Native Method)
at sun.reflect.NativeMethodAccessorImpl.invoke(NativeMethodAccessorImpl.java:62)
at sun.reflect.DelegatingMethodAccessorImpl.invoke(DelegatingMethodAccessorImpl.java:43)
at java.lang.reflect.Method.invoke(Method.java:498)
at org.testng.internal.MethodInvocationHelper.invokeMethod(MethodInvocationHelper.java:124)
at org.testng.internal.Invoker.invokeMethod(Invoker.java:580)
at org.testng.internal.Invoker.invokeTestMethod(Invoker.java:716)
at org.testng.internal.Invoker.invokeTestMethods(Invoker.java:988)
at org.testng.internal.TestMethodWorker.invokeTestMethods(TestMethodWorker.java:125)
at org.testng.internal.TestMethodWorker.run(TestMethodWorker.java:109)
at org.testng.TestRunner.privateRun(TestRunner.java:648)
at org.testng.TestRunner.run(TestRunner.java:505)
at org.testng.SuiteRunner.runTest(SuiteRunner.java:455)
at org.testng.SuiteRunner.access$000(SuiteRunner.java:40)
at org.testng.SuiteRunner$SuiteWorker.run(SuiteRunner.java:489)
at org.testng.internal.thread.ThreadUtil$1.call(ThreadUtil.java:52)
at java.util.concurrent.FutureTask.run(FutureTask.java:266)
at java.util.concurrent.ThreadPoolExecutor.runWorker(ThreadPoolExecutor.java:1142)
at java.util.concurrent.ThreadPoolExecutor$Worker.run(ThreadPoolExecutor.java:617)
at java.lang.Thread.run(Thread.java:748)
]]>
    </failure>
  </testcase> <!-- LoginTest -->
  <testcase name="passchTest" time="0.001" classname="AppliTest">
    <skipped/>
  </testcase> <!-- passchTest -->
  <testcase name="logoutTest" time="0.001" classname="AppliTest"/>
  <testcase name="LoginTest1" time="0.000" classname="AppliTest"/>
</testsuite> <!-- AppliTest -->
